Mono path[0] = 'C:/Games/The Stanley Parable - Ultra Deluxe/The Stanley Parable Ultra Deluxe_Data/Managed'
Mono config path = 'C:/Games/The Stanley Parable - Ultra Deluxe/MonoBleedingEdge/etc'
Initialize engine version: 2019.4.33f1 (c9b2b02eeeef)
[Subsystems] Discovering subsystems at path C:/Games/The Stanley Parable - Ultra Deluxe/The Stanley Parable Ultra Deluxe_Data/UnitySubsystems
GfxDevice: creating device client; threaded=1
Direct3D:
    Version:  Direct3D 11.0 [level 11.1]
    Renderer: AMD Radeon RX 6800 (ID=0x73bf)
    Vendor:   
    VRAM:     16338 MB
    Driver:   32.0.11027.2001
Begin MonoManager ReloadAssembly
- Completed reload, in  5.726 seconds
D3D11 device created for Microsoft Media Foundation video decoding.
<RI> Initializing input.
<RI> Input initialized.
<RI> Initialized touch support.
UnloadTime: 8.497400 ms
InControl (version 1.8.4 build 9364) 
(Filename: C:\buildslave\unity\build\Runtime/Export/Debug/Debug.bindings.h Line: 39)

Parent of RectTransform is being set with parent property. Consider using the SetParent method instead, with the worldPositionStays argument set to false. This will retain local orientation and scale rather than world orientation and scale, which can prevent common UI scaling issues. 
(Filename: C:\buildslave\unity\build\Runtime/Export/Debug/Debug.bindings.h Line: 39)

Unknown Controller, reverting to default xbox: None 
(Filename: C:\buildslave\unity\build\Runtime/Export/Debug/Debug.bindings.h Line: 39)

Parent of RectTransform is being set with parent property. Consider using the SetParent method instead, with the worldPositionStays argument set to false. This will retain local orientation and scale rather than world orientation and scale, which can prevent common UI scaling issues. 
(Filename: C:\buildslave\unity\build\Runtime/Export/Debug/Debug.bindings.h Line: 39)

Unloading 6 Unused Serialized files (Serialized files now loaded: 2)

Unloading 8 unused Assets to reduce memory usage. Loaded Objects now: 46492.
Total: 101.588000 ms (FindLiveObjects: 2.413500 ms CreateObjectMapping: 1.222200 ms MarkObjects: 97.858300 ms  DeleteObjects: 0.093600 ms)

Unloading 2 Unused Serialized files (Serialized files now loaded: 2)

Unloading 0 unused Assets to reduce memory usage. Loaded Objects now: 46493.
Total: 103.784300 ms (FindLiveObjects: 1.923100 ms CreateObjectMapping: 1.064300 ms MarkObjects: 100.735400 ms  DeleteObjects: 0.061100 ms)

Unloading 5 Unused Serialized files (Serialized files now loaded: 2)

Unloading 1 unused Assets to reduce memory usage. Loaded Objects now: 46506.
Total: 100.458500 ms (FindLiveObjects: 2.380100 ms CreateObjectMapping: 0.844200 ms MarkObjects: 97.162300 ms  DeleteObjects: 0.071600 ms)

Unloading 1 Unused Serialized files (Serialized files now loaded: 2)

Unloading 0 unused Assets to reduce memory usage. Loaded Objects now: 46506.
Total: 98.865700 ms (FindLiveObjects: 2.234400 ms CreateObjectMapping: 0.674200 ms MarkObjects: 95.898900 ms  DeleteObjects: 0.057800 ms)

Unloading 6 Unused Serialized files (Serialized files now loaded: 2)

Unloading 236 unused Assets to reduce memory usage. Loaded Objects now: 48588.
Total: 102.641500 ms (FindLiveObjects: 3.043200 ms CreateObjectMapping: 2.489200 ms MarkObjects: 96.801800 ms  DeleteObjects: 0.307000 ms)

Unloading 0 Unused Serialized files (Serialized files now loaded: 2)

Unloading 0 unused Assets to reduce memory usage. Loaded Objects now: 48588.
Total: 97.531800 ms (FindLiveObjects: 2.393400 ms CreateObjectMapping: 0.716900 ms MarkObjects: 94.353300 ms  DeleteObjects: 0.067800 ms)

Unloading 5 Unused Serialized files (Serialized files now loaded: 2)

Unloading 1 unused Assets to reduce memory usage. Loaded Objects now: 48599.
Total: 98.648100 ms (FindLiveObjects: 2.273600 ms CreateObjectMapping: 0.851500 ms MarkObjects: 95.448800 ms  DeleteObjects: 0.073800 ms)

Unloading 0 Unused Serialized files (Serialized files now loaded: 2)

Unloading 0 unused Assets to reduce memory usage. Loaded Objects now: 48599.
Total: 96.636300 ms (FindLiveObjects: 2.550200 ms CreateObjectMapping: 0.735000 ms MarkObjects: 93.287600 ms  DeleteObjects: 0.063200 ms)

The referenced script on this Behaviour (Game Object 'grey void') is missing! 
(Filename:  Line: 334)

The referenced script on this Behaviour (Game Object 'grey void') is missing! 
(Filename:  Line: 334)

The referenced script on this Behaviour (Game Object 'grey void-detach') is missing! 
(Filename:  Line: 334)

The referenced script on this Behaviour (Game Object 'grey void-detach') is missing! 
(Filename:  Line: 334)

Parent of RectTransform is being set with parent property. Consider using the SetParent method instead, with the worldPositionStays argument set to false. This will retain local orientation and scale rather than world orientation and scale, which can prevent common UI scaling issues. 
(Filename: C:\buildslave\unity\build\Runtime/Export/Debug/Debug.bindings.h Line: 39)

Parent of RectTransform is being set with parent property. Consider using the SetParent method instead, with the worldPositionStays argument set to false. This will retain local orientation and scale rather than world orientation and scale, which can prevent common UI scaling issues. 
(Filename: C:\buildslave\unity\build\Runtime/Export/Debug/Debug.bindings.h Line: 39)

Can not play a disabled audio source 
(Filename:  Line: 454)

Parent of RectTransform is being set with parent property. Consider using the SetParent method instead, with the worldPositionStays argument set to false. This will retain local orientation and scale rather than world orientation and scale, which can prevent common UI scaling issues. 
(Filename: C:\buildslave\unity\build\Runtime/Export/Debug/Debug.bindings.h Line: 39)

Parent of RectTransform is being set with parent property. Consider using the SetParent method instead, with the worldPositionStays argument set to false. This will retain local orientation and scale rather than world orientation and scale, which can prevent common UI scaling issues. 
(Filename: C:\buildslave\unity\build\Runtime/Export/Debug/Debug.bindings.h Line: 39)

Unloading 7 Unused Serialized files (Serialized files now loaded: 2)

Unloading 1101 unused Assets to reduce memory usage. Loaded Objects now: 108496.
Total: 121.499700 ms (FindLiveObjects: 5.816500 ms CreateObjectMapping: 1.675200 ms MarkObjects: 112.777500 ms  DeleteObjects: 1.229900 ms)

Unloading 0 Unused Serialized files (Serialized files now loaded: 2)

Unloading 0 unused Assets to reduce memory usage. Loaded Objects now: 108496.
Total: 121.863400 ms (FindLiveObjects: 5.242100 ms CreateObjectMapping: 2.800500 ms MarkObjects: 113.687900 ms  DeleteObjects: 0.132700 ms)

PRE LINUX BLOCK 
(Filename: C:\buildslave\unity\build\Runtime/Export/Debug/Debug.bindings.h Line: 39)

video->video_webm path=C:/Games/The Stanley Parable - Ultra Deluxe/The Stanley Parable Ultra Deluxe_Data/StreamingAssets\video\intro_balloon2.mp4 
(Filename: C:\buildslave\unity\build\Runtime/Export/Debug/Debug.bindings.h Line: 39)

videoPlayer.url = path=C:/Games/The Stanley Parable - Ultra Deluxe/The Stanley Parable Ultra Deluxe_Data/StreamingAssets\video\intro_balloon2.mp4 
(Filename: C:\buildslave\unity\build\Runtime/Export/Debug/Debug.bindings.h Line: 39)

Unexpected timestamp values detected. This can occur in H.264 videos not encoded with the baseline profile. Timestamps will be skewed to correct the playback for C:/Games/The Stanley Parable - Ultra Deluxe/The Stanley Parable Ultra Deluxe_Data/StreamingAssets/video/intro_balloon2.mp4 
(Filename:  Line: 0)

PlayOneShot was called with a null AudioClip. 
(Filename: C:\buildslave\unity\build\Runtime/Export/Debug/Debug.bindings.h Line: 39)

PlayOneShot was called with a null AudioClip. 
(Filename: C:\buildslave\unity\build\Runtime/Export/Debug/Debug.bindings.h Line: 39)

PRE LINUX BLOCK 
(Filename: C:\buildslave\unity\build\Runtime/Export/Debug/Debug.bindings.h Line: 39)

video->video_webm path=C:/Games/The Stanley Parable - Ultra Deluxe/The Stanley Parable Ultra Deluxe_Data/StreamingAssets\video\choice1.mp4 
(Filename: C:\buildslave\unity\build\Runtime/Export/Debug/Debug.bindings.h Line: 39)

videoPlayer.url = path=C:/Games/The Stanley Parable - Ultra Deluxe/The Stanley Parable Ultra Deluxe_Data/StreamingAssets\video\choice1.mp4 
(Filename: C:\buildslave\unity\build\Runtime/Export/Debug/Debug.bindings.h Line: 39)

PRE LINUX BLOCK 
(Filename: C:\buildslave\unity\build\Runtime/Export/Debug/Debug.bindings.h Line: 39)

video->video_webm path=C:/Games/The Stanley Parable - Ultra Deluxe/The Stanley Parable Ultra Deluxe_Data/StreamingAssets\video\choice1.mp4 
(Filename: C:\buildslave\unity\build\Runtime/Export/Debug/Debug.bindings.h Line: 39)

videoPlayer.url = path=C:/Games/The Stanley Parable - Ultra Deluxe/The Stanley Parable Ultra Deluxe_Data/StreamingAssets\video\choice1.mp4 
(Filename: C:\buildslave\unity\build\Runtime/Export/Debug/Debug.bindings.h Line: 39)

Unexpected timestamp values detected. This can occur in H.264 videos not encoded with the baseline profile. Timestamps will be skewed to correct the playback for C:/Games/The Stanley Parable - Ultra Deluxe/The Stanley Parable Ultra Deluxe_Data/StreamingAssets/video/choice1.mp4 
(Filename:  Line: 0)

Unloading 5 Unused Serialized files (Serialized files now loaded: 2)

Unloading 12 unused Assets to reduce memory usage. Loaded Objects now: 108521.
Total: 119.095500 ms (FindLiveObjects: 5.196400 ms CreateObjectMapping: 1.731500 ms MarkObjects: 112.016100 ms  DeleteObjects: 0.151100 ms)

Unloading 0 Unused Serialized files (Serialized files now loaded: 2)

Unloading 0 unused Assets to reduce memory usage. Loaded Objects now: 108521.
Total: 119.699200 ms (FindLiveObjects: 6.115800 ms CreateObjectMapping: 1.732400 ms MarkObjects: 111.734700 ms  DeleteObjects: 0.116000 ms)

Couldn't create a Convex Mesh from source mesh "Sphere" within the maximum polygons limit (256). The partial hull will be used. Consider simplifying your mesh. 
(Filename:  Line: 91)

Unloading 13 Unused Serialized files (Serialized files now loaded: 2)

Unloading 2461 unused Assets to reduce memory usage. Loaded Objects now: 79597.
Total: 118.222400 ms (FindLiveObjects: 5.105600 ms CreateObjectMapping: 2.110600 ms MarkObjects: 105.639100 ms  DeleteObjects: 5.366800 ms)

Unloading 0 Unused Serialized files (Serialized files now loaded: 2)

Unloading 0 unused Assets to reduce memory usage. Loaded Objects now: 79597.
Total: 112.015900 ms (FindLiveObjects: 3.912800 ms CreateObjectMapping: 1.785600 ms MarkObjects: 106.229100 ms  DeleteObjects: 0.087900 ms)

PRE LINUX BLOCK 
(Filename: C:\buildslave\unity\build\Runtime/Export/Debug/Debug.bindings.h Line: 39)

video->video_webm path=C:/Games/The Stanley Parable - Ultra Deluxe/The Stanley Parable Ultra Deluxe_Data/StreamingAssets\video\choice2.mp4 
(Filename: C:\buildslave\unity\build\Runtime/Export/Debug/Debug.bindings.h Line: 39)

videoPlayer.url = path=C:/Games/The Stanley Parable - Ultra Deluxe/The Stanley Parable Ultra Deluxe_Data/StreamingAssets\video\choice2.mp4 
(Filename: C:\buildslave\unity\build\Runtime/Export/Debug/Debug.bindings.h Line: 39)

Unloading 5 Unused Serialized files (Serialized files now loaded: 2)

Unloading 3 unused Assets to reduce memory usage. Loaded Objects now: 79612.
Total: 118.468000 ms (FindLiveObjects: 3.955000 ms CreateObjectMapping: 1.655500 ms MarkObjects: 112.726900 ms  DeleteObjects: 0.130200 ms)

Unloading 0 Unused Serialized files (Serialized files now loaded: 2)

Unloading 0 unused Assets to reduce memory usage. Loaded Objects now: 79612.
Total: 138.645100 ms (FindLiveObjects: 4.276300 ms CreateObjectMapping: 1.650700 ms MarkObjects: 132.477300 ms  DeleteObjects: 0.240300 ms)

The referenced script on this Behaviour (Game Object 'grey void') is missing! 
(Filename:  Line: 334)

The referenced script on this Behaviour (Game Object 'grey void') is missing! 
(Filename:  Line: 334)

The referenced script on this Behaviour (Game Object 'grey void-detach') is missing! 
(Filename:  Line: 334)

The referenced script on this Behaviour (Game Object 'grey void-detach') is missing! 
(Filename:  Line: 334)

Parent of RectTransform is being set with parent property. Consider using the SetParent method instead, with the worldPositionStays argument set to false. This will retain local orientation and scale rather than world orientation and scale, which can prevent common UI scaling issues. 
(Filename: C:\buildslave\unity\build\Runtime/Export/Debug/Debug.bindings.h Line: 39)

Parent of RectTransform is being set with parent property. Consider using the SetParent method instead, with the worldPositionStays argument set to false. This will retain local orientation and scale rather than world orientation and scale, which can prevent common UI scaling issues. 
(Filename: C:\buildslave\unity\build\Runtime/Export/Debug/Debug.bindings.h Line: 39)

Can not play a disabled audio source 
(Filename:  Line: 454)

Parent of RectTransform is being set with parent property. Consider using the SetParent method instead, with the worldPositionStays argument set to false. This will retain local orientation and scale rather than world orientation and scale, which can prevent common UI scaling issues. 
(Filename: C:\buildslave\unity\build\Runtime/Export/Debug/Debug.bindings.h Line: 39)

Parent of RectTransform is being set with parent property. Consider using the SetParent method instead, with the worldPositionStays argument set to false. This will retain local orientation and scale rather than world orientation and scale, which can prevent common UI scaling issues. 
(Filename: C:\buildslave\unity\build\Runtime/Export/Debug/Debug.bindings.h Line: 39)

Unloading 7 Unused Serialized files (Serialized files now loaded: 2)

Unloading 551 unused Assets to reduce memory usage. Loaded Objects now: 108518.
Total: 140.112200 ms (FindLiveObjects: 8.329400 ms CreateObjectMapping: 2.418000 ms MarkObjects: 127.681400 ms  DeleteObjects: 1.683100 ms)

Unloading 0 Unused Serialized files (Serialized files now loaded: 2)

Unloading 0 unused Assets to reduce memory usage. Loaded Objects now: 108518.
Total: 132.299600 ms (FindLiveObjects: 6.472300 ms CreateObjectMapping: 2.079400 ms MarkObjects: 123.604900 ms  DeleteObjects: 0.142500 ms)

PlayOneShot was called with a null AudioClip. 
(Filename: C:\buildslave\unity\build\Runtime/Export/Debug/Debug.bindings.h Line: 39)

PlayOneShot was called with a null AudioClip. 
(Filename: C:\buildslave\unity\build\Runtime/Export/Debug/Debug.bindings.h Line: 39)

PRE LINUX BLOCK 
(Filename: C:\buildslave\unity\build\Runtime/Export/Debug/Debug.bindings.h Line: 39)

video->video_webm path=C:/Games/The Stanley Parable - Ultra Deluxe/The Stanley Parable Ultra Deluxe_Data/StreamingAssets\video\choice1.mp4 
(Filename: C:\buildslave\unity\build\Runtime/Export/Debug/Debug.bindings.h Line: 39)

videoPlayer.url = path=C:/Games/The Stanley Parable - Ultra Deluxe/The Stanley Parable Ultra Deluxe_Data/StreamingAssets\video\choice1.mp4 
(Filename: C:\buildslave\unity\build\Runtime/Export/Debug/Debug.bindings.h Line: 39)

PRE LINUX BLOCK 
(Filename: C:\buildslave\unity\build\Runtime/Export/Debug/Debug.bindings.h Line: 39)

video->video_webm path=C:/Games/The Stanley Parable - Ultra Deluxe/The Stanley Parable Ultra Deluxe_Data/StreamingAssets\video\choice1.mp4 
(Filename: C:\buildslave\unity\build\Runtime/Export/Debug/Debug.bindings.h Line: 39)

videoPlayer.url = path=C:/Games/The Stanley Parable - Ultra Deluxe/The Stanley Parable Ultra Deluxe_Data/StreamingAssets\video\choice1.mp4 
(Filename: C:\buildslave\unity\build\Runtime/Export/Debug/Debug.bindings.h Line: 39)

Unloading 5 Unused Serialized files (Serialized files now loaded: 2)

Unloading 19 unused Assets to reduce memory usage. Loaded Objects now: 108540.
Total: 122.575600 ms (FindLiveObjects: 5.350600 ms CreateObjectMapping: 1.769400 ms MarkObjects: 115.273600 ms  DeleteObjects: 0.181600 ms)

Unloading 0 Unused Serialized files (Serialized files now loaded: 2)

Unloading 0 unused Assets to reduce memory usage. Loaded Objects now: 108540.
Total: 120.356600 ms (FindLiveObjects: 5.269500 ms CreateObjectMapping: 1.783300 ms MarkObjects: 113.178700 ms  DeleteObjects: 0.124700 ms)

Unloading 13 Unused Serialized files (Serialized files now loaded: 2)

Unloading 2454 unused Assets to reduce memory usage. Loaded Objects now: 79614.
Total: 113.122700 ms (FindLiveObjects: 4.436100 ms CreateObjectMapping: 1.802300 ms MarkObjects: 101.158700 ms  DeleteObjects: 5.725000 ms)

Unloading 0 Unused Serialized files (Serialized files now loaded: 2)

Unloading 0 unused Assets to reduce memory usage. Loaded Objects now: 79614.
Total: 112.758000 ms (FindLiveObjects: 4.343400 ms CreateObjectMapping: 1.574400 ms MarkObjects: 106.728900 ms  DeleteObjects: 0.110800 ms)

PRE LINUX BLOCK 
(Filename: C:\buildslave\unity\build\Runtime/Export/Debug/Debug.bindings.h Line: 39)

video->video_webm path=C:/Games/The Stanley Parable - Ultra Deluxe/The Stanley Parable Ultra Deluxe_Data/StreamingAssets\video\choice2.mp4 
(Filename: C:\buildslave\unity\build\Runtime/Export/Debug/Debug.bindings.h Line: 39)

videoPlayer.url = path=C:/Games/The Stanley Parable - Ultra Deluxe/The Stanley Parable Ultra Deluxe_Data/StreamingAssets\video\choice2.mp4 
(Filename: C:\buildslave\unity\build\Runtime/Export/Debug/Debug.bindings.h Line: 39)

Screen position out of view frustum (screen pos 0.000000, 0.000000, 16.503242) (Camera rect 0 0 3840 2160) 
(Filename:  Line: 3530)

Screen position out of view frustum (screen pos 0.000000, 0.000000, 16.503242) (Camera rect 0 0 3840 2160) 
(Filename:  Line: 3530)

Player is hitting multiple doors this should not happen!
bossentrancedoor
bossentrancedoor 
(Filename: C:\buildslave\unity\build\Runtime/Export/Debug/Debug.bindings.h Line: 39)

Unloading 5 Unused Serialized files (Serialized files now loaded: 2)

Unloading 55 unused Assets to reduce memory usage. Loaded Objects now: 79768.
Total: 124.330600 ms (FindLiveObjects: 3.891200 ms CreateObjectMapping: 1.538600 ms MarkObjects: 118.721200 ms  DeleteObjects: 0.179200 ms)

Unloading 0 Unused Serialized files (Serialized files now loaded: 2)

Unloading 0 unused Assets to reduce memory usage. Loaded Objects now: 79768.
Total: 119.829900 ms (FindLiveObjects: 4.042900 ms CreateObjectMapping: 1.342700 ms MarkObjects: 114.357600 ms  DeleteObjects: 0.086400 ms)

The referenced script on this Behaviour (Game Object 'grey void') is missing! 
(Filename:  Line: 334)

The referenced script on this Behaviour (Game Object 'grey void') is missing! 
(Filename:  Line: 334)

The referenced script on this Behaviour (Game Object 'grey void-detach') is missing! 
(Filename:  Line: 334)

The referenced script on this Behaviour (Game Object 'grey void-detach') is missing! 
(Filename:  Line: 334)

Parent of RectTransform is being set with parent property. Consider using the SetParent method instead, with the worldPositionStays argument set to false. This will retain local orientation and scale rather than world orientation and scale, which can prevent common UI scaling issues. 
(Filename: C:\buildslave\unity\build\Runtime/Export/Debug/Debug.bindings.h Line: 39)

Parent of RectTransform is being set with parent property. Consider using the SetParent method instead, with the worldPositionStays argument set to false. This will retain local orientation and scale rather than world orientation and scale, which can prevent common UI scaling issues. 
(Filename: C:\buildslave\unity\build\Runtime/Export/Debug/Debug.bindings.h Line: 39)

Can not play a disabled audio source 
(Filename:  Line: 454)

Parent of RectTransform is being set with parent property. Consider using the SetParent method instead, with the worldPositionStays argument set to false. This will retain local orientation and scale rather than world orientation and scale, which can prevent common UI scaling issues. 
(Filename: C:\buildslave\unity\build\Runtime/Export/Debug/Debug.bindings.h Line: 39)

Parent of RectTransform is being set with parent property. Consider using the SetParent method instead, with the worldPositionStays argument set to false. This will retain local orientation and scale rather than world orientation and scale, which can prevent common UI scaling issues. 
(Filename: C:\buildslave\unity\build\Runtime/Export/Debug/Debug.bindings.h Line: 39)

Unloading 7 Unused Serialized files (Serialized files now loaded: 2)

Unloading 627 unused Assets to reduce memory usage. Loaded Objects now: 108533.
Total: 125.185100 ms (FindLiveObjects: 6.072800 ms CreateObjectMapping: 1.893300 ms MarkObjects: 115.541900 ms  DeleteObjects: 1.677000 ms)

Unloading 0 Unused Serialized files (Serialized files now loaded: 2)

Unloading 0 unused Assets to reduce memory usage. Loaded Objects now: 108533.
Total: 127.652000 ms (FindLiveObjects: 5.871500 ms CreateObjectMapping: 1.937000 ms MarkObjects: 119.509300 ms  DeleteObjects: 0.333700 ms)

PlayOneShot was called with a null AudioClip. 
(Filename: C:\buildslave\unity\build\Runtime/Export/Debug/Debug.bindings.h Line: 39)

PlayOneShot was called with a null AudioClip. 
(Filename: C:\buildslave\unity\build\Runtime/Export/Debug/Debug.bindings.h Line: 39)

PRE LINUX BLOCK 
(Filename: C:\buildslave\unity\build\Runtime/Export/Debug/Debug.bindings.h Line: 39)

video->video_webm path=C:/Games/The Stanley Parable - Ultra Deluxe/The Stanley Parable Ultra Deluxe_Data/StreamingAssets\video\bucketchoice1.mp4 
(Filename: C:\buildslave\unity\build\Runtime/Export/Debug/Debug.bindings.h Line: 39)

videoPlayer.url = path=C:/Games/The Stanley Parable - Ultra Deluxe/The Stanley Parable Ultra Deluxe_Data/StreamingAssets\video\bucketchoice1.mp4 
(Filename: C:\buildslave\unity\build\Runtime/Export/Debug/Debug.bindings.h Line: 39)

Unexpected timestamp values detected. This can occur in H.264 videos not encoded with the baseline profile. Timestamps will be skewed to correct the playback for C:/Games/The Stanley Parable - Ultra Deluxe/The Stanley Parable Ultra Deluxe_Data/StreamingAssets/video/bucketchoice1.mp4 
(Filename:  Line: 0)

Unloading 5 Unused Serialized files (Serialized files now loaded: 2)

Unloading 18 unused Assets to reduce memory usage. Loaded Objects now: 108544.
Total: 128.970000 ms (FindLiveObjects: 5.669000 ms CreateObjectMapping: 2.006100 ms MarkObjects: 121.058500 ms  DeleteObjects: 0.236100 ms)

Unloading 0 Unused Serialized files (Serialized files now loaded: 2)

Unloading 0 unused Assets to reduce memory usage. Loaded Objects now: 108544.
Total: 120.936200 ms (FindLiveObjects: 6.054200 ms CreateObjectMapping: 1.913900 ms MarkObjects: 112.853000 ms  DeleteObjects: 0.114700 ms)

Unloading 13 Unused Serialized files (Serialized files now loaded: 2)

Unloading 2455 unused Assets to reduce memory usage. Loaded Objects now: 79616.
Total: 127.819400 ms (FindLiveObjects: 4.833500 ms CreateObjectMapping: 1.697500 ms MarkObjects: 114.889800 ms  DeleteObjects: 6.398200 ms)

Unloading 0 Unused Serialized files (Serialized files now loaded: 2)

Unloading 0 unused Assets to reduce memory usage. Loaded Objects now: 79616.
Total: 125.271400 ms (FindLiveObjects: 4.430600 ms CreateObjectMapping: 1.525500 ms MarkObjects: 119.219100 ms  DeleteObjects: 0.095500 ms)

PRE LINUX BLOCK 
(Filename: C:\buildslave\unity\build\Runtime/Export/Debug/Debug.bindings.h Line: 39)

video->video_webm path=C:/Games/The Stanley Parable - Ultra Deluxe/The Stanley Parable Ultra Deluxe_Data/StreamingAssets\video\bucketchoice2.mp4 
(Filename: C:\buildslave\unity\build\Runtime/Export/Debug/Debug.bindings.h Line: 39)

videoPlayer.url = path=C:/Games/The Stanley Parable - Ultra Deluxe/The Stanley Parable Ultra Deluxe_Data/StreamingAssets\video\bucketchoice2.mp4 
(Filename: C:\buildslave\unity\build\Runtime/Export/Debug/Debug.bindings.h Line: 39)

PlayOneShot was called with a null AudioClip. 
(Filename: C:\buildslave\unity\build\Runtime/Export/Debug/Debug.bindings.h Line: 39)

PlayOneShot was called with a null AudioClip. 
(Filename: C:\buildslave\unity\build\Runtime/Export/Debug/Debug.bindings.h Line: 39)

PlayOneShot was called with a null AudioClip. 
(Filename: C:\buildslave\unity\build\Runtime/Export/Debug/Debug.bindings.h Line: 39)

PlayOneShot was called with a null AudioClip. 
(Filename: C:\buildslave\unity\build\Runtime/Export/Debug/Debug.bindings.h Line: 39)

Unloading 5 Unused Serialized files (Serialized files now loaded: 2)

Unloading 13 unused Assets to reduce memory usage. Loaded Objects now: 79636.
Total: 117.500500 ms (FindLiveObjects: 3.788800 ms CreateObjectMapping: 1.362400 ms MarkObjects: 112.163100 ms  DeleteObjects: 0.185900 ms)

Unloading 0 Unused Serialized files (Serialized files now loaded: 2)

Unloading 0 unused Assets to reduce memory usage. Loaded Objects now: 79636.
Total: 111.466600 ms (FindLiveObjects: 4.537200 ms CreateObjectMapping: 1.846800 ms MarkObjects: 104.983600 ms  DeleteObjects: 0.098500 ms)

The referenced script on this Behaviour (Game Object 'grey void') is missing! 
(Filename:  Line: 334)

The referenced script on this Behaviour (Game Object 'grey void') is missing! 
(Filename:  Line: 334)

The referenced script on this Behaviour (Game Object 'grey void-detach') is missing! 
(Filename:  Line: 334)

The referenced script on this Behaviour (Game Object 'grey void-detach') is missing! 
(Filename:  Line: 334)

Parent of RectTransform is being set with parent property. Consider using the SetParent method instead, with the worldPositionStays argument set to false. This will retain local orientation and scale rather than world orientation and scale, which can prevent common UI scaling issues. 
(Filename: C:\buildslave\unity\build\Runtime/Export/Debug/Debug.bindings.h Line: 39)

Parent of RectTransform is being set with parent property. Consider using the SetParent method instead, with the worldPositionStays argument set to false. This will retain local orientation and scale rather than world orientation and scale, which can prevent common UI scaling issues. 
(Filename: C:\buildslave\unity\build\Runtime/Export/Debug/Debug.bindings.h Line: 39)

Can not play a disabled audio source 
(Filename:  Line: 454)

Parent of RectTransform is being set with parent property. Consider using the SetParent method instead, with the worldPositionStays argument set to false. This will retain local orientation and scale rather than world orientation and scale, which can prevent common UI scaling issues. 
(Filename: C:\buildslave\unity\build\Runtime/Export/Debug/Debug.bindings.h Line: 39)

Parent of RectTransform is being set with parent property. Consider using the SetParent method instead, with the worldPositionStays argument set to false. This will retain local orientation and scale rather than world orientation and scale, which can prevent common UI scaling issues. 
(Filename: C:\buildslave\unity\build\Runtime/Export/Debug/Debug.bindings.h Line: 39)

Unloading 7 Unused Serialized files (Serialized files now loaded: 2)

Unloading 484 unused Assets to reduce memory usage. Loaded Objects now: 108617.
Total: 122.426500 ms (FindLiveObjects: 6.142500 ms CreateObjectMapping: 1.959000 ms MarkObjects: 112.997200 ms  DeleteObjects: 1.327600 ms)

Unloading 0 Unused Serialized files (Serialized files now loaded: 2)

Unloading 0 unused Assets to reduce memory usage. Loaded Objects now: 108617.
Total: 123.623300 ms (FindLiveObjects: 6.048100 ms CreateObjectMapping: 1.701200 ms MarkObjects: 115.750500 ms  DeleteObjects: 0.123300 ms)

<RI.Hid> Failed to create device file:
 20 The process cannot access the file because it is being used by another process.
 
(Filename:  Line: 55)

Unloading 5 Unused Serialized files (Serialized files now loaded: 2)

Unloading 4 unused Assets to reduce memory usage. Loaded Objects now: 108619.
Total: 227.822500 ms (FindLiveObjects: 20.138300 ms CreateObjectMapping: 7.768700 ms MarkObjects: 199.247500 ms  DeleteObjects: 0.667200 ms)

Unloading 0 Unused Serialized files (Serialized files now loaded: 2)

Unloading 0 unused Assets to reduce memory usage. Loaded Objects now: 108619.
Total: 131.602900 ms (FindLiveObjects: 6.326400 ms CreateObjectMapping: 6.913000 ms MarkObjects: 118.232300 ms  DeleteObjects: 0.130900 ms)

Unloading 6 Unused Serialized files (Serialized files now loaded: 2)

Unloading 3461 unused Assets to reduce memory usage. Loaded Objects now: 48779.
Total: 195.788700 ms (FindLiveObjects: 3.262200 ms CreateObjectMapping: 1.768700 ms MarkObjects: 94.480600 ms  DeleteObjects: 96.276800 ms)

Unloading 0 Unused Serialized files (Serialized files now loaded: 2)

Unloading 0 unused Assets to reduce memory usage. Loaded Objects now: 48779.
Total: 126.766400 ms (FindLiveObjects: 3.017100 ms CreateObjectMapping: 9.691100 ms MarkObjects: 113.998000 ms  DeleteObjects: 0.060000 ms)

Setting up 6 worker threads for Enlighten.
  Thread -> id: 3254 -> priority: 1 
  Thread -> id: b1d0 -> priority: 1 
  Thread -> id: a130 -> priority: 1 
  Thread -> id: 2e1c -> priority: 1 
  Thread -> id: c888 -> priority: 1 
  Thread -> id: 1114 -> priority: 1 
Calling Deallocate on pointer, that can not be deallocated by allocator ALLOC_TEMP_THREAD 
(Filename:  Line: 160)

Calling Deallocate on pointer, that can not be deallocated by allocator ALLOC_TEMP_THREAD 
(Filename:  Line: 160)

Calling Deallocate on pointer, that can not be deallocated by allocator ALLOC_TEMP_THREAD 
(Filename:  Line: 160)

