Mono path[0] = 'C:/Games/The Stanley Parable - Ultra Deluxe/The Stanley Parable Ultra Deluxe_Data/Managed'
Mono config path = 'C:/Games/The Stanley Parable - Ultra Deluxe/MonoBleedingEdge/etc'
Initialize engine version: 2019.4.33f1 (c9b2b02eeeef)
[Subsystems] Discovering subsystems at path C:/Games/The Stanley Parable - Ultra Deluxe/The Stanley Parable Ultra Deluxe_Data/UnitySubsystems
GfxDevice: creating device client; threaded=1
Direct3D:
    Version:  Direct3D 11.0 [level 11.1]
    Renderer: AMD Radeon RX 6800 (ID=0x73bf)
    Vendor:   
    VRAM:     16338 MB
    Driver:   32.0.11027.2001
Begin MonoManager ReloadAssembly
- Completed reload, in  0.094 seconds
<RI> Initializing input.
D3D11 device created for Microsoft Media Foundation video decoding.
<RI> Input initialized.
<RI> Initialized touch support.
UnloadTime: 1.633900 ms
InControl (version 1.8.4 build 9364) 
(Filename: C:\buildslave\unity\build\Runtime/Export/Debug/Debug.bindings.h Line: 39)

Parent of RectTransform is being set with parent property. Consider using the SetParent method instead, with the worldPositionStays argument set to false. This will retain local orientation and scale rather than world orientation and scale, which can prevent common UI scaling issues. 
(Filename: C:\buildslave\unity\build\Runtime/Export/Debug/Debug.bindings.h Line: 39)

Unknown Controller, reverting to default xbox: None 
(Filename: C:\buildslave\unity\build\Runtime/Export/Debug/Debug.bindings.h Line: 39)

Parent of RectTransform is being set with parent property. Consider using the SetParent method instead, with the worldPositionStays argument set to false. This will retain local orientation and scale rather than world orientation and scale, which can prevent common UI scaling issues. 
(Filename: C:\buildslave\unity\build\Runtime/Export/Debug/Debug.bindings.h Line: 39)

Unloading 6 Unused Serialized files (Serialized files now loaded: 2)

Unloading 8 unused Assets to reduce memory usage. Loaded Objects now: 46485.
Total: 99.779600 ms (FindLiveObjects: 2.311900 ms CreateObjectMapping: 1.197200 ms MarkObjects: 96.178600 ms  DeleteObjects: 0.091500 ms)

Unloading 1 Unused Serialized files (Serialized files now loaded: 2)

Unloading 0 unused Assets to reduce memory usage. Loaded Objects now: 46486.
Total: 99.988700 ms (FindLiveObjects: 2.126900 ms CreateObjectMapping: 1.098900 ms MarkObjects: 96.704400 ms  DeleteObjects: 0.058200 ms)

Unloading 6 Unused Serialized files (Serialized files now loaded: 2)

Unloading 1 unused Assets to reduce memory usage. Loaded Objects now: 46506.
Total: 114.050400 ms (FindLiveObjects: 3.578800 ms CreateObjectMapping: 2.283300 ms MarkObjects: 108.120100 ms  DeleteObjects: 0.067900 ms)

Unloading 1 Unused Serialized files (Serialized files now loaded: 2)

Unloading 0 unused Assets to reduce memory usage. Loaded Objects now: 46506.
Total: 99.770300 ms (FindLiveObjects: 2.223500 ms CreateObjectMapping: 0.668000 ms MarkObjects: 96.820900 ms  DeleteObjects: 0.057500 ms)

Unloading 6 Unused Serialized files (Serialized files now loaded: 2)

Unloading 235 unused Assets to reduce memory usage. Loaded Objects now: 48563.
Total: 110.733800 ms (FindLiveObjects: 2.721700 ms CreateObjectMapping: 1.054400 ms MarkObjects: 106.561100 ms  DeleteObjects: 0.396300 ms)

Unloading 0 Unused Serialized files (Serialized files now loaded: 2)

Unloading 0 unused Assets to reduce memory usage. Loaded Objects now: 48563.
Total: 100.831300 ms (FindLiveObjects: 2.980700 ms CreateObjectMapping: 1.184800 ms MarkObjects: 96.594100 ms  DeleteObjects: 0.071300 ms)

Unloading 5 Unused Serialized files (Serialized files now loaded: 2)

Unloading 1 unused Assets to reduce memory usage. Loaded Objects now: 48588.
Total: 96.088500 ms (FindLiveObjects: 2.474400 ms CreateObjectMapping: 0.842900 ms MarkObjects: 92.695900 ms  DeleteObjects: 0.074800 ms)

Unloading 0 Unused Serialized files (Serialized files now loaded: 2)

Unloading 0 unused Assets to reduce memory usage. Loaded Objects now: 48588.
Total: 95.129000 ms (FindLiveObjects: 2.258700 ms CreateObjectMapping: 0.700100 ms MarkObjects: 92.110700 ms  DeleteObjects: 0.059200 ms)

The referenced script on this Behaviour (Game Object 'grey void') is missing! 
(Filename:  Line: 334)

The referenced script on this Behaviour (Game Object 'grey void') is missing! 
(Filename:  Line: 334)

The referenced script on this Behaviour (Game Object 'grey void-detach') is missing! 
(Filename:  Line: 334)

The referenced script on this Behaviour (Game Object 'grey void-detach') is missing! 
(Filename:  Line: 334)

Parent of RectTransform is being set with parent property. Consider using the SetParent method instead, with the worldPositionStays argument set to false. This will retain local orientation and scale rather than world orientation and scale, which can prevent common UI scaling issues. 
(Filename: C:\buildslave\unity\build\Runtime/Export/Debug/Debug.bindings.h Line: 39)

Parent of RectTransform is being set with parent property. Consider using the SetParent method instead, with the worldPositionStays argument set to false. This will retain local orientation and scale rather than world orientation and scale, which can prevent common UI scaling issues. 
(Filename: C:\buildslave\unity\build\Runtime/Export/Debug/Debug.bindings.h Line: 39)

Can not play a disabled audio source 
(Filename:  Line: 454)

Parent of RectTransform is being set with parent property. Consider using the SetParent method instead, with the worldPositionStays argument set to false. This will retain local orientation and scale rather than world orientation and scale, which can prevent common UI scaling issues. 
(Filename: C:\buildslave\unity\build\Runtime/Export/Debug/Debug.bindings.h Line: 39)

Parent of RectTransform is being set with parent property. Consider using the SetParent method instead, with the worldPositionStays argument set to false. This will retain local orientation and scale rather than world orientation and scale, which can prevent common UI scaling issues. 
(Filename: C:\buildslave\unity\build\Runtime/Export/Debug/Debug.bindings.h Line: 39)

Unloading 7 Unused Serialized files (Serialized files now loaded: 2)

Unloading 1102 unused Assets to reduce memory usage. Loaded Objects now: 108509.
Total: 129.315400 ms (FindLiveObjects: 6.198000 ms CreateObjectMapping: 2.925100 ms MarkObjects: 119.263800 ms  DeleteObjects: 0.927800 ms)

Unloading 0 Unused Serialized files (Serialized files now loaded: 2)

Unloading 0 unused Assets to reduce memory usage. Loaded Objects now: 108509.
Total: 124.160500 ms (FindLiveObjects: 5.599500 ms CreateObjectMapping: 2.748600 ms MarkObjects: 115.684100 ms  DeleteObjects: 0.127800 ms)

PRE LINUX BLOCK 
(Filename: C:\buildslave\unity\build\Runtime/Export/Debug/Debug.bindings.h Line: 39)

video->video_webm path=C:/Games/The Stanley Parable - Ultra Deluxe/The Stanley Parable Ultra Deluxe_Data/StreamingAssets\video\intro.mp4 
(Filename: C:\buildslave\unity\build\Runtime/Export/Debug/Debug.bindings.h Line: 39)

videoPlayer.url = path=C:/Games/The Stanley Parable - Ultra Deluxe/The Stanley Parable Ultra Deluxe_Data/StreamingAssets\video\intro.mp4 
(Filename: C:\buildslave\unity\build\Runtime/Export/Debug/Debug.bindings.h Line: 39)

Unexpected timestamp values detected. This can occur in H.264 videos not encoded with the baseline profile. Timestamps will be skewed to correct the playback for C:/Games/The Stanley Parable - Ultra Deluxe/The Stanley Parable Ultra Deluxe_Data/StreamingAssets/video/intro.mp4 
(Filename:  Line: 0)

Coroutine couldn't be started because the the game object 'Selector_Field' is inactive! 
(Filename:  Line: 743)

Coroutine couldn't be started because the the game object 'Selector_Field' is inactive! 
(Filename:  Line: 743)

BoxColliders does not support negative scale or size.
The effective box size has been forced positive and is likely to give unexpected collision geometry.
If you absolutely need to use negative scaling you can use the convex MeshCollider. Scene hierarchy path "Area_6_OfficeHallways/Area_6_OfficeHallways_DYNAMIC/Area_6_OfficeHallways_Audio/meetingroomdoor/Door Blocker" 
(Filename:  Line: 0)

Joystick disconnected ("Controller (8BitDo Ultimate 2C Wireless Controller)"). 
(Filename:  Line: 1363)

Change in attached Unity joysticks detected; refreshing device list. 
(Filename: C:\buildslave\unity\build\Runtime/Export/Debug/Debug.bindings.h Line: 39)

BoxColliders does not support negative scale or size.
The effective box size has been forced positive and is likely to give unexpected collision geometry.
If you absolutely need to use negative scaling you can use the convex MeshCollider. Scene hierarchy path "Area_15_Hallway_BroomCloset/Area_15_Hallway_BroomCloset_DYNAMIC/Area_15_Hallway_BroomCloset_Audio/staircasedoor/Door Blocker" 
(Filename:  Line: 0)

Unloading 5 Unused Serialized files (Serialized files now loaded: 2)

Unloading 6 unused Assets to reduce memory usage. Loaded Objects now: 108553.
Total: 128.698600 ms (FindLiveObjects: 8.099000 ms CreateObjectMapping: 1.857200 ms MarkObjects: 118.587200 ms  DeleteObjects: 0.154900 ms)

Unloading 0 Unused Serialized files (Serialized files now loaded: 2)

Unloading 0 unused Assets to reduce memory usage. Loaded Objects now: 108553.
Total: 124.312900 ms (FindLiveObjects: 5.774800 ms CreateObjectMapping: 1.964400 ms MarkObjects: 116.451800 ms  DeleteObjects: 0.121400 ms)

Coroutine couldn't be started because the the game object 'Selector_Field' is inactive! 
(Filename:  Line: 743)

Parent of RectTransform is being set with parent property. Consider using the SetParent method instead, with the worldPositionStays argument set to false. This will retain local orientation and scale rather than world orientation and scale, which can prevent common UI scaling issues. 
(Filename: C:\buildslave\unity\build\Runtime/Export/Debug/Debug.bindings.h Line: 39)

Coroutine couldn't be started because the the game object 'Selector_Field' is inactive! 
(Filename:  Line: 743)

Parent of RectTransform is being set with parent property. Consider using the SetParent method instead, with the worldPositionStays argument set to false. This will retain local orientation and scale rather than world orientation and scale, which can prevent common UI scaling issues. 
(Filename: C:\buildslave\unity\build\Runtime/Export/Debug/Debug.bindings.h Line: 39)

Coroutine couldn't be started because the the game object 'Selector_Field' is inactive! 
(Filename:  Line: 743)

Parent of RectTransform is being set with parent property. Consider using the SetParent method instead, with the worldPositionStays argument set to false. This will retain local orientation and scale rather than world orientation and scale, which can prevent common UI scaling issues. 
(Filename: C:\buildslave\unity\build\Runtime/Export/Debug/Debug.bindings.h Line: 39)

Coroutine couldn't be started because the the game object 'Selector_Field' is inactive! 
(Filename:  Line: 743)

Parent of RectTransform is being set with parent property. Consider using the SetParent method instead, with the worldPositionStays argument set to false. This will retain local orientation and scale rather than world orientation and scale, which can prevent common UI scaling issues. 
(Filename: C:\buildslave\unity\build\Runtime/Export/Debug/Debug.bindings.h Line: 39)

Coroutine couldn't be started because the the game object 'Selector_Field' is inactive! 
(Filename:  Line: 743)

Parent of RectTransform is being set with parent property. Consider using the SetParent method instead, with the worldPositionStays argument set to false. This will retain local orientation and scale rather than world orientation and scale, which can prevent common UI scaling issues. 
(Filename: C:\buildslave\unity\build\Runtime/Export/Debug/Debug.bindings.h Line: 39)

Coroutine couldn't be started because the the game object 'Selector_Field' is inactive! 
(Filename:  Line: 743)

Parent of RectTransform is being set with parent property. Consider using the SetParent method instead, with the worldPositionStays argument set to false. This will retain local orientation and scale rather than world orientation and scale, which can prevent common UI scaling issues. 
(Filename: C:\buildslave\unity\build\Runtime/Export/Debug/Debug.bindings.h Line: 39)

Coroutine couldn't be started because the the game object 'Selector_Field' is inactive! 
(Filename:  Line: 743)

Parent of RectTransform is being set with parent property. Consider using the SetParent method instead, with the worldPositionStays argument set to false. This will retain local orientation and scale rather than world orientation and scale, which can prevent common UI scaling issues. 
(Filename: C:\buildslave\unity\build\Runtime/Export/Debug/Debug.bindings.h Line: 39)

Coroutine couldn't be started because the the game object 'Selector_Field' is inactive! 
(Filename:  Line: 743)

Parent of RectTransform is being set with parent property. Consider using the SetParent method instead, with the worldPositionStays argument set to false. This will retain local orientation and scale rather than world orientation and scale, which can prevent common UI scaling issues. 
(Filename: C:\buildslave\unity\build\Runtime/Export/Debug/Debug.bindings.h Line: 39)

Unloading 9 Unused Serialized files (Serialized files now loaded: 2)
Coroutine couldn't be started because the the game object 'Selector_Field' is inactive! 
(Filename:  Line: 743)

Coroutine couldn't be started because the the game object 'Selector_Field' is inactive! 
(Filename:  Line: 743)

Coroutine couldn't be started because the the game object 'Selector_Field' is inactive! 
(Filename:  Line: 743)

Coroutine couldn't be started because the the game object 'Selector_Field' is inactive! 
(Filename:  Line: 743)

Coroutine couldn't be started because the the game object 'Selector_Field' is inactive! 
(Filename:  Line: 743)

Coroutine couldn't be started because the the game object 'Selector_Field' is inactive! 
(Filename:  Line: 743)

Coroutine couldn't be started because the the game object 'Selector_Field' is inactive! 
(Filename:  Line: 743)

Coroutine couldn't be started because the the game object 'Selector_Field' is inactive! 
(Filename:  Line: 743)


Unloading 3313 unused Assets to reduce memory usage. Loaded Objects now: 81142.
Total: 121.623900 ms (FindLiveObjects: 5.999100 ms CreateObjectMapping: 2.055300 ms MarkObjects: 105.200800 ms  DeleteObjects: 8.368300 ms)

Unloading 0 Unused Serialized files (Serialized files now loaded: 2)

Unloading 0 unused Assets to reduce memory usage. Loaded Objects now: 81142.
Total: 121.979700 ms (FindLiveObjects: 6.342200 ms CreateObjectMapping: 1.929800 ms MarkObjects: 113.600800 ms  DeleteObjects: 0.106400 ms)

Unloading 5 Unused Serialized files (Serialized files now loaded: 2)

Unloading 7 unused Assets to reduce memory usage. Loaded Objects now: 81133.
Total: 113.739100 ms (FindLiveObjects: 3.726500 ms CreateObjectMapping: 1.282300 ms MarkObjects: 108.550700 ms  DeleteObjects: 0.179300 ms)

Unloading 0 Unused Serialized files (Serialized files now loaded: 2)

Unloading 0 unused Assets to reduce memory usage. Loaded Objects now: 81133.
Total: 115.062300 ms (FindLiveObjects: 3.988300 ms CreateObjectMapping: 1.446200 ms MarkObjects: 109.530000 ms  DeleteObjects: 0.097400 ms)

The referenced script (NoLightmapShadows) on this Behaviour is missing! 
(Filename:  Line: 199)

The referenced script (NoLightmapShadows) on this Behaviour is missing! 
(Filename:  Line: 199)

The referenced script on this Behaviour (Game Object 'bossdoorprime2') is missing! 
(Filename:  Line: 334)

The referenced script on this Behaviour (Game Object 'bossdoorprime1') is missing! 
(Filename:  Line: 334)

Unloading 9 Unused Serialized files (Serialized files now loaded: 2)

Unloading 1442 unused Assets to reduce memory usage. Loaded Objects now: 56173.
Total: 100.209100 ms (FindLiveObjects: 2.814200 ms CreateObjectMapping: 1.117600 ms MarkObjects: 92.333200 ms  DeleteObjects: 3.943800 ms)

Unloading 0 Unused Serialized files (Serialized files now loaded: 2)

Unloading 0 unused Assets to reduce memory usage. Loaded Objects now: 56174.
Total: 97.032900 ms (FindLiveObjects: 3.288900 ms CreateObjectMapping: 1.398100 ms MarkObjects: 92.276800 ms  DeleteObjects: 0.068800 ms)

Coroutine couldn't be started because the the game object 'Selector_Field' is inactive! 
(Filename:  Line: 743)

Coroutine couldn't be started because the the game object 'Selector_Field' is inactive! 
(Filename:  Line: 743)

Coroutine couldn't be started because the the game object 'Selector_Field' is inactive! 
(Filename:  Line: 743)

Unloading 5 Unused Serialized files (Serialized files now loaded: 2)

Unloading 6 unused Assets to reduce memory usage. Loaded Objects now: 56172.
Total: 96.366500 ms (FindLiveObjects: 2.569100 ms CreateObjectMapping: 1.014600 ms MarkObjects: 92.681100 ms  DeleteObjects: 0.101400 ms)

Unloading 0 Unused Serialized files (Serialized files now loaded: 2)

Unloading 0 unused Assets to reduce memory usage. Loaded Objects now: 56172.
Total: 96.146000 ms (FindLiveObjects: 2.879900 ms CreateObjectMapping: 1.154800 ms MarkObjects: 92.044300 ms  DeleteObjects: 0.066700 ms)

Coroutine couldn't be started because the the game object 'Selector_Field' is inactive! 
(Filename:  Line: 743)

Parent of RectTransform is being set with parent property. Consider using the SetParent method instead, with the worldPositionStays argument set to false. This will retain local orientation and scale rather than world orientation and scale, which can prevent common UI scaling issues. 
(Filename: C:\buildslave\unity\build\Runtime/Export/Debug/Debug.bindings.h Line: 39)

Coroutine couldn't be started because the the game object 'Selector_Field' is inactive! 
(Filename:  Line: 743)

Parent of RectTransform is being set with parent property. Consider using the SetParent method instead, with the worldPositionStays argument set to false. This will retain local orientation and scale rather than world orientation and scale, which can prevent common UI scaling issues. 
(Filename: C:\buildslave\unity\build\Runtime/Export/Debug/Debug.bindings.h Line: 39)

Coroutine couldn't be started because the the game object 'Selector_Field' is inactive! 
(Filename:  Line: 743)

Parent of RectTransform is being set with parent property. Consider using the SetParent method instead, with the worldPositionStays argument set to false. This will retain local orientation and scale rather than world orientation and scale, which can prevent common UI scaling issues. 
(Filename: C:\buildslave\unity\build\Runtime/Export/Debug/Debug.bindings.h Line: 39)

Coroutine couldn't be started because the the game object 'Selector_Field' is inactive! 
(Filename:  Line: 743)

Parent of RectTransform is being set with parent property. Consider using the SetParent method instead, with the worldPositionStays argument set to false. This will retain local orientation and scale rather than world orientation and scale, which can prevent common UI scaling issues. 
(Filename: C:\buildslave\unity\build\Runtime/Export/Debug/Debug.bindings.h Line: 39)

Coroutine couldn't be started because the the game object 'Selector_Field' is inactive! 
(Filename:  Line: 743)

Parent of RectTransform is being set with parent property. Consider using the SetParent method instead, with the worldPositionStays argument set to false. This will retain local orientation and scale rather than world orientation and scale, which can prevent common UI scaling issues. 
(Filename: C:\buildslave\unity\build\Runtime/Export/Debug/Debug.bindings.h Line: 39)

Coroutine couldn't be started because the the game object 'Selector_Field' is inactive! 
(Filename:  Line: 743)

Parent of RectTransform is being set with parent property. Consider using the SetParent method instead, with the worldPositionStays argument set to false. This will retain local orientation and scale rather than world orientation and scale, which can prevent common UI scaling issues. 
(Filename: C:\buildslave\unity\build\Runtime/Export/Debug/Debug.bindings.h Line: 39)

Coroutine couldn't be started because the the game object 'Selector_Field' is inactive! 
(Filename:  Line: 743)

Parent of RectTransform is being set with parent property. Consider using the SetParent method instead, with the worldPositionStays argument set to false. This will retain local orientation and scale rather than world orientation and scale, which can prevent common UI scaling issues. 
(Filename: C:\buildslave\unity\build\Runtime/Export/Debug/Debug.bindings.h Line: 39)

Coroutine couldn't be started because the the game object 'Selector_Field' is inactive! 
(Filename:  Line: 743)

Parent of RectTransform is being set with parent property. Consider using the SetParent method instead, with the worldPositionStays argument set to false. This will retain local orientation and scale rather than world orientation and scale, which can prevent common UI scaling issues. 
(Filename: C:\buildslave\unity\build\Runtime/Export/Debug/Debug.bindings.h Line: 39)

Unloading 9 Unused Serialized files (Serialized files now loaded: 2)
Coroutine couldn't be started because the the game object 'Selector_Field' is inactive! 
(Filename:  Line: 743)

Coroutine couldn't be started because the the game object 'Selector_Field' is inactive! 
(Filename:  Line: 743)

Coroutine couldn't be started because the the game object 'Selector_Field' is inactive! 
(Filename:  Line: 743)

Coroutine couldn't be started because the the game object 'Selector_Field' is inactive! 
(Filename:  Line: 743)

Coroutine couldn't be started because the the game object 'Selector_Field' is inactive! 
(Filename:  Line: 743)

Coroutine couldn't be started because the the game object 'Selector_Field' is inactive! 
(Filename:  Line: 743)

Coroutine couldn't be started because the the game object 'Selector_Field' is inactive! 
(Filename:  Line: 743)

Coroutine couldn't be started because the the game object 'Selector_Field' is inactive! 
(Filename:  Line: 743)


Unloading 1592 unused Assets to reduce memory usage. Loaded Objects now: 81148.
Total: 112.202500 ms (FindLiveObjects: 3.894700 ms CreateObjectMapping: 1.373100 ms MarkObjects: 105.095800 ms  DeleteObjects: 1.838600 ms)

Unloading 0 Unused Serialized files (Serialized files now loaded: 2)

Unloading 0 unused Assets to reduce memory usage. Loaded Objects now: 81148.
Total: 116.454800 ms (FindLiveObjects: 4.289500 ms CreateObjectMapping: 1.552900 ms MarkObjects: 110.517000 ms  DeleteObjects: 0.095100 ms)

Unloading 5 Unused Serialized files (Serialized files now loaded: 2)

Unloading 3 unused Assets to reduce memory usage. Loaded Objects now: 81140.
Total: 167.582200 ms (FindLiveObjects: 9.128100 ms CreateObjectMapping: 2.509000 ms MarkObjects: 155.606700 ms  DeleteObjects: 0.336900 ms)

Unloading 0 Unused Serialized files (Serialized files now loaded: 2)

Unloading 0 unused Assets to reduce memory usage. Loaded Objects now: 81140.
Total: 141.845300 ms (FindLiveObjects: 9.744900 ms CreateObjectMapping: 2.634100 ms MarkObjects: 129.361900 ms  DeleteObjects: 0.104000 ms)

The referenced script (NoLightmapShadows) on this Behaviour is missing! 
(Filename:  Line: 199)

The referenced script (NoLightmapShadows) on this Behaviour is missing! 
(Filename:  Line: 199)

The referenced script on this Behaviour (Game Object 'bossdoorprime2') is missing! 
(Filename:  Line: 334)

The referenced script on this Behaviour (Game Object 'bossdoorprime1') is missing! 
(Filename:  Line: 334)

Unloading 11 Unused Serialized files (Serialized files now loaded: 2)

Unloading 1440 unused Assets to reduce memory usage. Loaded Objects now: 55229.
Total: 100.220500 ms (FindLiveObjects: 2.780300 ms CreateObjectMapping: 1.064200 ms MarkObjects: 92.647000 ms  DeleteObjects: 3.728600 ms)

Unloading 0 Unused Serialized files (Serialized files now loaded: 2)

Unloading 0 unused Assets to reduce memory usage. Loaded Objects now: 55230.
Total: 97.159700 ms (FindLiveObjects: 2.978700 ms CreateObjectMapping: 1.227100 ms MarkObjects: 92.887600 ms  DeleteObjects: 0.065900 ms)

